# JRE version: OpenJDK Runtime Environment (7.0_111-b01) (build 1.7.0_111-b01)
# Java VM: OpenJDK 64-Bit Server VM (24.111-b01 mixed mode linux-amd64 compressed oops)
Heap
 PSYoungGen      total 110080K, used 9728K [0x00000000eaa80000, 0x00000000f1f80000, 0x0000000100000000)
  eden space 100352K, 0% used [0x00000000eaa80000,0x00000000eaa80000,0x00000000f0c80000)
  from space 9728K, 100% used [0x00000000f0c80000,0x00000000f1600000,0x00000000f1600000)
  to   space 9728K, 0% used [0x00000000f1600000,0x00000000f1600000,0x00000000f1f80000)
 ParOldGen       total 40960K, used 20298K [0x00000000c0000000, 0x00000000c2800000, 0x00000000eaa80000)
  object space 40960K, 49% used [0x00000000c0000000,0x00000000c13d2840,0x00000000c2800000)
 PSPermGen       total 35840K, used 35625K [0x00000000b0000000, 0x00000000b2300000, 0x00000000c0000000)
  object space 35840K, 99% used [0x00000000b0000000,0x00000000b22ca400,0x00000000b2300000)
GC Heap History (10 events):
Event: 4,736 GC heap after
Heap after GC invocations=6 (full 0):
 PSYoungGen      total 38400K, used 4583K [0x00000000eaa80000, 0x00000000ed680000, 0x0000000100000000)
  eden space 31744K, 0% used [0x00000000eaa80000,0x00000000eaa80000,0x00000000ec980000)
  from space 6656K, 68% used [0x00000000ed000000,0x00000000ed479f50,0x00000000ed680000)
  to   space 6656K, 0% used [0x00000000ec980000,0x00000000ec980000,0x00000000ed000000)
 ParOldGen       total 40960K, used 6334K [0x00000000c0000000, 0x00000000c2800000, 0x00000000eaa80000)
  object space 40960K, 15% used [0x00000000c0000000,0x00000000c062fbb0,0x00000000c2800000)
 PSPermGen       total 21504K, used 17978K [0x00000000b0000000, 0x00000000b1500000, 0x00000000c0000000)
  object space 21504K, 83% used [0x00000000b0000000,0x00000000b118ea48,0x00000000b1500000)
}
Event: 5,443 GC heap before
{Heap before GC invocations=7 (full 0):
 PSYoungGen      total 38400K, used 36327K [0x00000000eaa80000, 0x00000000ed680000, 0x0000000100000000)
  eden space 31744K, 100% used [0x00000000eaa80000,0x00000000ec980000,0x00000000ec980000)
  from space 6656K, 68% used [0x00000000ed000000,0x00000000ed479f50,0x00000000ed680000)
  to   space 6656K, 0% used [0x00000000ec980000,0x00000000ec980000,0x00000000ed000000)
 ParOldGen       total 40960K, used 6334K [0x00000000c0000000, 0x00000000c2800000, 0x00000000eaa80000)
  object space 40960K, 15% used [0x00000000c0000000,0x00000000c062fbb0,0x00000000c2800000)
 PSPermGen       total 21504K, used 20670K [0x00000000b0000000, 0x00000000b1500000, 0x00000000c0000000)
  object space 21504K, 96% used [0x00000000b0000000,0x00000000b142f818,0x00000000b1500000)
Event: 5,467 GC heap after
Heap after GC invocations=7 (full 0):
 PSYoungGen      total 38400K, used 6559K [0x00000000eaa80000, 0x00000000ef780000, 0x0000000100000000)
  eden space 31744K, 0% used [0x00000000eaa80000,0x00000000eaa80000,0x00000000ec980000)
  from space 6656K, 98% used [0x00000000ec980000,0x00000000ecfe7e28,0x00000000ed000000)
  to   space 7680K, 0% used [0x00000000ef000000,0x00000000ef000000,0x00000000ef780000)
 ParOldGen       total 40960K, used 6718K [0x00000000c0000000, 0x00000000c2800000, 0x00000000eaa80000)
  object space 40960K, 16% used [0x00000000c0000000,0x00000000c068fbf0,0x00000000c2800000)
 PSPermGen       total 21504K, used 20670K [0x00000000b0000000, 0x00000000b1500000, 0x00000000c0000000)
  object space 21504K, 96% used [0x00000000b0000000,0x00000000b142f818,0x00000000b1500000)
}
Event: 6,331 GC heap before
{Heap before GC invocations=8 (full 0):
 PSYoungGen      total 38400K, used 38303K [0x00000000eaa80000, 0x00000000ef780000, 0x0000000100000000)
  eden space 31744K, 100% used [0x00000000eaa80000,0x00000000ec980000,0x00000000ec980000)
  from space 6656K, 98% used [0x00000000ec980000,0x00000000ecfe7e28,0x00000000ed000000)
  to   space 7680K, 0% used [0x00000000ef000000,0x00000000ef000000,0x00000000ef780000)
 ParOldGen       total 40960K, used 6718K [0x00000000c0000000, 0x00000000c2800000, 0x00000000eaa80000)
  object space 40960K, 16% used [0x00000000c0000000,0x00000000c068fbf0,0x00000000c2800000)
 PSPermGen       total 23040K, used 22813K [0x00000000b0000000, 0x00000000b1680000, 0x00000000c0000000)
  object space 23040K, 99% used [0x00000000b0000000,0x00000000b1647778,0x00000000b1680000)
Event: 6,345 GC heap after
Heap after GC invocations=8 (full 0):
 PSYoungGen      total 70144K, used 7063K [0x00000000eaa80000, 0x00000000ef980000, 0x0000000100000000)
  eden space 62464K, 0% used [0x00000000eaa80000,0x00000000eaa80000,0x00000000ee780000)
  from space 7680K, 91% used [0x00000000ef000000,0x00000000ef6e5f00,0x00000000ef780000)
  to   space 8704K, 0% used [0x00000000ee780000,0x00000000ee780000,0x00000000ef000000)
 ParOldGen       total 40960K, used 7571K [0x00000000c0000000, 0x00000000c2800000, 0x00000000eaa80000)
  object space 40960K, 18% used [0x00000000c0000000,0x00000000c0764ff0,0x00000000c2800000)
 PSPermGen       total 23040K, used 22813K [0x00000000b0000000, 0x00000000b1680000, 0x00000000c0000000)
  object space 23040K, 99% used [0x00000000b0000000,0x00000000b1647778,0x00000000b1680000)
}
Event: 10,172 GC heap before
{Heap before GC invocations=9 (full 0):
 PSYoungGen      total 70144K, used 69527K [0x00000000eaa80000, 0x00000000ef980000, 0x0000000100000000)
  eden space 62464K, 100% used [0x00000000eaa80000,0x00000000ee780000,0x00000000ee780000)
  from space 7680K, 91% used [0x00000000ef000000,0x00000000ef6e5f00,0x00000000ef780000)
  to   space 8704K, 0% used [0x00000000ee780000,0x00000000ee780000,0x00000000ef000000)
 ParOldGen       total 40960K, used 7571K [0x00000000c0000000, 0x00000000c2800000, 0x00000000eaa80000)
  object space 40960K, 18% used [0x00000000c0000000,0x00000000c0764ff0,0x00000000c2800000)
 PSPermGen       total 27648K, used 27461K [0x00000000b0000000, 0x00000000b1b00000, 0x00000000c0000000)
  object space 27648K, 99% used [0x00000000b0000000,0x00000000b1ad17b0,0x00000000b1b00000)
Event: 10,200 GC heap after
Heap after GC invocations=9 (full 0):
 PSYoungGen      total 71168K, used 7985K [0x00000000eaa80000, 0x00000000f1f80000, 0x0000000100000000)
  eden space 62464K, 0% used [0x00000000eaa80000,0x00000000eaa80000,0x00000000ee780000)
  from space 8704K, 91% used [0x00000000ee780000,0x00000000eef4c770,0x00000000ef000000)
  to   space 9728K, 0% used [0x00000000f1600000,0x00000000f1600000,0x00000000f1f80000)
 ParOldGen       total 40960K, used 9340K [0x00000000c0000000, 0x00000000c2800000, 0x00000000eaa80000)
  object space 40960K, 22% used [0x00000000c0000000,0x00000000c091f040,0x00000000c2800000)
 PSPermGen       total 27648K, used 27461K [0x00000000b0000000, 0x00000000b1b00000, 0x00000000c0000000)
  object space 27648K, 99% used [0x00000000b0000000,0x00000000b1ad17b0,0x00000000b1b00000)
}
Event: 14,315 GC heap before
{Heap before GC invocations=10 (full 0):
 PSYoungGen      total 71168K, used 70449K [0x00000000eaa80000, 0x00000000f1f80000, 0x0000000100000000)
  eden space 62464K, 100% used [0x00000000eaa80000,0x00000000ee780000,0x00000000ee780000)
  from space 8704K, 91% used [0x00000000ee780000,0x00000000eef4c770,0x00000000ef000000)
  to   space 9728K, 0% used [0x00000000f1600000,0x00000000f1600000,0x00000000f1f80000)
 ParOldGen       total 40960K, used 9340K [0x00000000c0000000, 0x00000000c2800000, 0x00000000eaa80000)
  object space 40960K, 22% used [0x00000000c0000000,0x00000000c091f040,0x00000000c2800000)
 PSPermGen       total 31232K, used 30753K [0x00000000b0000000, 0x00000000b1e80000, 0x00000000c0000000)
  object space 31232K, 98% used [0x00000000b0000000,0x00000000b1e08678,0x00000000b1e80000)
Event: 14,335 GC heap after
Heap after GC invocations=10 (full 0):
 PSYoungGen      total 110080K, used 6781K [0x00000000eaa80000, 0x00000000f1f80000, 0x0000000100000000)
  eden space 100352K, 0% used [0x00000000eaa80000,0x00000000eaa80000,0x00000000f0c80000)
  from space 9728K, 69% used [0x00000000f1600000,0x00000000f1c9f640,0x00000000f1f80000)
  to   space 9728K, 0% used [0x00000000f0c80000,0x00000000f0c80000,0x00000000f1600000)
 ParOldGen       total 40960K, used 12866K [0x00000000c0000000, 0x00000000c2800000, 0x00000000eaa80000)
  object space 40960K, 31% used [0x00000000c0000000,0x00000000c0c90840,0x00000000c2800000)
 PSPermGen       total 31232K, used 30753K [0x00000000b0000000, 0x00000000b1e80000, 0x00000000c0000000)
  object space 31232K, 98% used [0x00000000b0000000,0x00000000b1e08678,0x00000000b1e80000)
}
Event: 22,837 GC heap before
{Heap before GC invocations=11 (full 0):
 PSYoungGen      total 110080K, used 107133K [0x00000000eaa80000, 0x00000000f1f80000, 0x0000000100000000)
  eden space 100352K, 100% used [0x00000000eaa80000,0x00000000f0c80000,0x00000000f0c80000)
  from space 9728K, 69% used [0x00000000f1600000,0x00000000f1c9f640,0x00000000f1f80000)
  to   space 9728K, 0% used [0x00000000f0c80000,0x00000000f0c80000,0x00000000f1600000)
 ParOldGen       total 40960K, used 12866K [0x00000000c0000000, 0x00000000c2800000, 0x00000000eaa80000)
  object space 40960K, 31% used [0x00000000c0000000,0x00000000c0c90840,0x00000000c2800000)
 PSPermGen       total 35840K, used 35625K [0x00000000b0000000, 0x00000000b2300000, 0x00000000c0000000)
  object space 35840K, 99% used [0x00000000b0000000,0x00000000b22ca400,0x00000000b2300000)

